#
# There is insufficient memory for the Java Runtime Environment to continue.
# Native memory allocation (malloc) failed to allocate 194576 bytes for Chunk::new
# Possible reasons:
#   The system is out of physical RAM or swap space
#   In 32 bit mode, the process size limit was hit
# Possible solutions:
#   Reduce memory load on the system
#   Increase physical memory or swap space
#   Check if swap backing store is full
#   Use 64 bit Java on a 64 bit OS
#   Decrease Java heap size (-Xmx/-Xms)
#   Decrease number of Java threads
#   Decrease Java thread stack sizes (-Xss)
#   Set larger code cache with -XX:ReservedCodeCacheSize=
# This output file may be truncated or incomplete.
#
#  Out of Memory Error (allocation.cpp:390), pid=17236, tid=0x0000000000001974
#
# JRE version: Java(TM) SE Runtime Environment (8.0_144-b01) (build 1.8.0_144-b01)
# Java VM: Java HotSpot(TM) 64-Bit Server VM (25.144-b01 mixed mode windows-amd64 compressed oops)
# Failed to write core dump. Minidumps are not enabled by default on client versions of Windows
#

---------------  T H R E A D  ---------------

Current thread (0x0000000058dbe800):  JavaThread "C2 CompilerThread0" daemon [_thread_in_native, id=6516, stack(0x000000005a470000,0x000000005a570000)]

Stack: [0x000000005a470000,0x000000005a570000]
[error occurred during error reporting (printing stack bounds), id 0xc0000005]

Native frames: (J=compiled Java code, j=interpreted, Vv=VM code, C=native code)


Current CompileTask:
C2:    317  552       4       oracle.jdbc.driver.SQLStateMapping$Tokenizer::next (334 bytes)


---------------  P R O C E S S  ---------------

Java Threads: ( => current thread )
  0x000000005add7000 JavaThread "Thread-1" [_thread_blocked, id=16356, stack(0x000000005c9a0000,0x000000005caa0000)]
  0x000000005ad48000 JavaThread "Image Fetcher 0" daemon [_thread_blocked, id=16244, stack(0x000000005c690000,0x000000005c790000)]
  0x000000000268e800 JavaThread "DestroyJavaVM" [_thread_blocked, id=9364, stack(0x0000000002a80000,0x0000000002b80000)]
  0x000000005ace6800 JavaThread "AWT-EventQueue-0" [_thread_in_vm, id=16920, stack(0x000000005ba50000,0x000000005bb50000)]
  0x000000005ace1000 JavaThread "AWT-Windows" daemon [_thread_in_native, id=17144, stack(0x000000005b5c0000,0x000000005b6c0000)]
  0x00000000590ea000 JavaThread "AWT-Shutdown" [_thread_blocked, id=8604, stack(0x000000005b4b0000,0x000000005b5b0000)]
  0x00000000590e9800 JavaThread "Java2D Disposer" daemon [_thread_blocked, id=15968, stack(0x000000005a9f0000,0x000000005aaf0000)]
  0x0000000058e64800 JavaThread "Service Thread" daemon [_thread_blocked, id=9784, stack(0x000000005a8a0000,0x000000005a9a0000)]
  0x0000000058dd7000 JavaThread "C1 CompilerThread3" daemon [_thread_blocked, id=15588, stack(0x000000005a710000,0x000000005a810000)]
  0x0000000058dce000 JavaThread "C2 CompilerThread2" daemon [_thread_blocked, id=17172, stack(0x000000005a5a0000,0x000000005a6a0000)]
  0x0000000058dc7000 JavaThread "C2 CompilerThread1" daemon [_thread_blocked, id=10120, stack(0x000000005a350000,0x000000005a450000)]
=>0x0000000058dbe800 JavaThread "C2 CompilerThread0" daemon [_thread_in_native, id=6516, stack(0x000000005a470000,0x000000005a570000)]
  0x0000000058dbb800 JavaThread "Attach Listener" daemon [_thread_blocked, id=11144, stack(0x000000005a1e0000,0x000000005a2e0000)]
  0x0000000058dbb000 JavaThread "Signal Dispatcher" daemon [_thread_blocked, id=9836, stack(0x000000005a070000,0x000000005a170000)]
  0x0000000057cf0800 JavaThread "Finalizer" daemon [_thread_blocked, id=8172, stack(0x0000000059cc0000,0x0000000059dc0000)]
  0x0000000057ce9800 JavaThread "Reference Handler" daemon [_thread_blocked, id=15152, stack(0x0000000059ef0000,0x0000000059ff0000)]

Other Threads:
  0x0000000057ce2800 VMThread [stack: 0x0000000059dc0000,0x0000000059ec0000] [id=9240]
  0x0000000058e8c800 WatcherThread [stack: 0x000000005ab10000,0x000000005ac10000] [id=14788]

VM state:not at safepoint (normal execution)

VM Mutex/Monitor currently owned by a thread: None

Heap:
 PSYoungGen      total 38400K, used 13137K [0x00000000d5b80000, 0x00000000d8600000, 0x0000000100000000)
  eden space 33280K, 39% used [0x00000000d5b80000,0x00000000d6854520,0x00000000d7c00000)
  from space 5120K, 0% used [0x00000000d8100000,0x00000000d8100000,0x00000000d8600000)
  to   space 5120K, 0% used [0x00000000d7c00000,0x00000000d7c00000,0x00000000d8100000)
 ParOldGen       total 87552K, used 0K [0x0000000081200000, 0x0000000086780000, 0x00000000d5b80000)
  object space 87552K, 0% used [0x0000000081200000,0x0000000081200000,0x0000000086780000)
 Metaspace       used 11619K, capacity 11894K, committed 12160K, reserved 1060864K
  class space    used 1474K, capacity 1549K, committed 1664K, reserved 1048576K

Card table byte_map: [0x0000000011f40000,0x0000000012340000] byte_map_base: 0x0000000011b37000

Marking Bits: (ParMarkBitMap*) 0x000000005ff3d850
 Begin Bits: [0x0000000012f90000, 0x0000000014f48000)
 End Bits:   [0x0000000014f48000, 0x0000000016f00000)

Polling page: 0x0000000000220000

CodeCache: size=245760Kb used=2280Kb max_used=2285Kb free=243479Kb
 bounds [0x0000000002b80000, 0x0000000002df0000, 0x0000000011b80000]
 total_blobs=1008 nmethods=578 adapters=343
 compilation: enabled

Compilation events (10 events):
Event: 0.315 Thread 0x0000000058dd7000 nmethod 575 0x0000000002db4650 code [0x0000000002db47a0, 0x0000000002db48b0]
Event: 0.315 Thread 0x0000000058dd7000  576  s    3       java.lang.StringBuffer::append (13 bytes)
Event: 0.315 Thread 0x0000000058dd7000 nmethod 576 0x0000000002db6790 code [0x0000000002db6900, 0x0000000002db6c08]
Event: 0.315 Thread 0x0000000058dd7000  577       3       java.io.WinNTFileSystem::prefixLength (91 bytes)
Event: 0.315 Thread 0x0000000058dd7000 nmethod 577 0x0000000002db8050 code [0x0000000002db8260, 0x0000000002db8e88]
Event: 0.316 Thread 0x0000000058dc7000 nmethod 570 0x0000000002dbc410 code [0x0000000002dbc580, 0x0000000002dbc9c8]
Event: 0.316 Thread 0x0000000058dd7000  578       3       sun.net.www.ParseUtil::encodePath (336 bytes)
Event: 0.317 Thread 0x0000000058dd7000 nmethod 578 0x0000000002dbaa10 code [0x0000000002dbac80, 0x0000000002dbbc78]
Event: 0.317 Thread 0x0000000058dd7000  579       3       java.util.zip.ZStreamRef::address (5 bytes)
Event: 0.317 Thread 0x0000000058dd7000 nmethod 579 0x0000000002db6490 code [0x0000000002db65e0, 0x0000000002db6730]

GC Heap History (0 events):
No events

Deoptimization events (2 events):
Event: 0.166 Thread 0x000000005ace6800 Uncommon trap: reason=null_check action=make_not_entrant pc=0x0000000002cecea8 method=java.lang.String.equals(Ljava/lang/Object;)Z @ 8
Event: 0.302 Thread 0x000000005ace6800 Uncommon trap: reason=unstable_if action=reinterpret pc=0x0000000002dac2d4 method=java.io.BufferedReader.read()I @ 19

Internal exceptions (10 events):
Event: 0.166 Thread 0x000000005ace6800 Implicit null exception at 0x0000000002ceccd2 to 0x0000000002cece99
Event: 0.280 Thread 0x000000005ace6800 Exception <a 'java/lang/ArrayIndexOutOfBoundsException'> (0x00000000d659d520) thrown at [C:\re\workspace\8-2-build-windows-amd64-cygwin\jdk8u144\9417\hotspot\src\share\vm\runtime\sharedRuntime.cpp, line 605]
Event: 0.280 Thread 0x000000005ace6800 Exception <a 'java/lang/ArrayIndexOutOfBoundsException'> (0x00000000d659e298) thrown at [C:\re\workspace\8-2-build-windows-amd64-cygwin\jdk8u144\9417\hotspot\src\share\vm\runtime\sharedRuntime.cpp, line 605]
Event: 0.280 Thread 0x000000005ace6800 Exception <a 'java/lang/ArrayIndexOutOfBoundsException'> (0x00000000d659f438) thrown at [C:\re\workspace\8-2-build-windows-amd64-cygwin\jdk8u144\9417\hotspot\src\share\vm\runtime\sharedRuntime.cpp, line 605]
Event: 0.281 Thread 0x000000005ace6800 Exception <a 'java/lang/ArrayIndexOutOfBoundsException'> (0x00000000d65a0e80) thrown at [C:\re\workspace\8-2-build-windows-amd64-cygwin\jdk8u144\9417\hotspot\src\share\vm\runtime\sharedRuntime.cpp, line 605]
Event: 0.284 Thread 0x000000005ace6800 Exception <a 'java/lang/ArrayIndexOutOfBoundsException'> (0x00000000d65c7268) thrown at [C:\re\workspace\8-2-build-windows-amd64-cygwin\jdk8u144\9417\hotspot\src\share\vm\runtime\sharedRuntime.cpp, line 605]
Event: 0.285 Thread 0x000000005ace6800 Exception <a 'java/lang/ArrayIndexOutOfBoundsException'> (0x00000000d65c84d0) thrown at [C:\re\workspace\8-2-build-windows-amd64-cygwin\jdk8u144\9417\hotspot\src\share\vm\runtime\sharedRuntime.cpp, line 605]
Event: 0.285 Thread 0x000000005ace6800 Exception <a 'java/lang/ArrayIndexOutOfBoundsException'> (0x00000000d65c9db8) thrown at [C:\re\workspace\8-2-build-windows-amd64-cygwin\jdk8u144\9417\hotspot\src\share\vm\runtime\sharedRuntime.cpp, line 605]
Event: 0.288 Thread 0x000000005ace6800 Exception <a 'java/lang/ArrayIndexOutOfBoundsException'> (0x00000000d65eff78) thrown at [C:\re\workspace\8-2-build-windows-amd64-cygwin\jdk8u144\9417\hotspot\src\share\vm\runtime\sharedRuntime.cpp, line 605]
Event: 0.292 Thread 0x000000005ace6800 Exception <a 'java/lang/ArrayIndexOutOfBoundsException'> (0x00000000d65ff8b0) thrown at [C:\re\workspace\8-2-build-windows-amd64-cygwin\jdk8u144\9417\hotspot\src\share\vm\runtime\sharedRuntime.cpp, line 605]

Events (10 events):
Event: 0.315 loading class oracle/jdbc/OracleStatement
Event: 0.315 loading class oracle/jdbc/OracleStatement done
Event: 0.315 loading class java/sql/Statement
Event: 0.315 loading class java/sql/Statement done
Event: 0.315 loading class oracle/jdbc/driver/ScrollRsetStatement
Event: 0.315 loading class oracle/jdbc/driver/ScrollRsetStatement done
Event: 0.316 loading class oracle/jdbc/driver/T4CStatement
Event: 0.316 loading class oracle/jdbc/driver/T4CStatement done
Event: 0.316 loading class oracle/jdbc/driver/OraclePreparedStatement
Event: 0.316 loading class oracle/jdbc/driver/OraclePreparedStatement done


Dynamic libraries:
0x000000013fbf0000 - 0x000000013fc27000 	C:\Program Files\Java\jre1.8.0_144\bin\javaw.exe
0x0000000077b40000 - 0x0000000077cea000 	C:\Windows\SYSTEM32\ntdll.dll
0x0000000077920000 - 0x0000000077a3f000 	C:\Windows\system32\kernel32.dll
0x000007fefd900000 - 0x000007fefd96a000 	C:\Windows\system32\KERNELBASE.dll
0x000007fefe2e0000 - 0x000007fefe3bb000 	C:\Windows\system32\ADVAPI32.dll
0x000007fefe490000 - 0x000007fefe52f000 	C:\Windows\system32\msvcrt.dll
0x000007fefde80000 - 0x000007fefde9f000 	C:\Windows\SYSTEM32\sechost.dll
0x000007fefdfb0000 - 0x000007fefe0dd000 	C:\Windows\system32\RPCRT4.dll
0x0000000077a40000 - 0x0000000077b3a000 	C:\Windows\system32\USER32.dll
0x000007fefe3d0000 - 0x000007fefe437000 	C:\Windows\system32\GDI32.dll
0x000007fefe3c0000 - 0x000007fefe3ce000 	C:\Windows\system32\LPK.dll
0x000007fefe110000 - 0x000007fefe1db000 	C:\Windows\system32\USP10.dll
0x000007fefc010000 - 0x000007fefc204000 	C:\Windows\WinSxS\amd64_microsoft.windows.common-controls_6595b64144ccf1df_6.0.7601.18837_none_fa3b1e3d17594757\COMCTL32.dll
0x000007fefe530000 - 0x000007fefe5a1000 	C:\Windows\system32\SHLWAPI.dll
0x000007fefe0e0000 - 0x000007fefe10e000 	C:\Windows\system32\IMM32.DLL
0x000007fefdea0000 - 0x000007fefdfa9000 	C:\Windows\system32\MSCTF.dll
0x000007fefd760000 - 0x000007fefd7a0000 	C:\Windows\system32\nvinitx.dll
0x0000000063a60000 - 0x0000000063b32000 	C:\Program Files\Java\jre1.8.0_144\bin\msvcr100.dll
0x000000005f720000 - 0x000000005ffbd000 	C:\Program Files\Java\jre1.8.0_144\bin\server\jvm.dll
0x000007feef680000 - 0x000007feef689000 	C:\Windows\system32\WSOCK32.dll
0x000007fefe440000 - 0x000007fefe48d000 	C:\Windows\system32\WS2_32.dll
0x000007fefdc90000 - 0x000007fefdc98000 	C:\Windows\system32\NSI.dll
0x000007fef6b20000 - 0x000007fef6b5b000 	C:\Windows\system32\WINMM.dll
0x000007fefc6d0000 - 0x000007fefc6dc000 	C:\Windows\system32\VERSION.dll
0x0000000077d00000 - 0x0000000077d07000 	C:\Windows\system32\PSAPI.DLL
0x0000000073650000 - 0x000000007365f000 	C:\Program Files\Java\jre1.8.0_144\bin\verify.dll
0x0000000073620000 - 0x0000000073649000 	C:\Program Files\Java\jre1.8.0_144\bin\java.dll
0x0000000073600000 - 0x0000000073616000 	C:\Program Files\Java\jre1.8.0_144\bin\zip.dll
0x000007fefe5b0000 - 0x000007feff33a000 	C:\Windows\system32\SHELL32.dll
0x000007feff4a0000 - 0x000007feff69c000 	C:\Windows\system32\ole32.dll
0x000007fefd830000 - 0x000007fefd83f000 	C:\Windows\system32\profapi.dll
0x000000005f580000 - 0x000000005f718000 	C:\Program Files\Java\jre1.8.0_144\bin\awt.dll
0x000007feff3c0000 - 0x000007feff49a000 	C:\Windows\system32\OLEAUT32.dll
0x000007fefbbc0000 - 0x000007fefbc16000 	C:\Windows\system32\uxtheme.dll
0x000007fefd630000 - 0x000007fefd687000 	C:\Windows\system32\apphelp.dll
0x000007fefa470000 - 0x000007fefa4e5000 	C:\Windows\system32\IMKR14.IME
0x0000000073f60000 - 0x0000000074003000 	C:\Windows\WinSxS\amd64_microsoft.vc90.crt_1fc8b3b9a1e18e3b_9.0.30729.6161_none_08e61857a83bc251\MSVCR90.dll
0x0000000073e80000 - 0x0000000073f53000 	C:\Windows\WinSxS\amd64_microsoft.vc90.crt_1fc8b3b9a1e18e3b_9.0.30729.6161_none_08e61857a83bc251\MSVCP90.dll
0x000007fefbab0000 - 0x000007fefbac8000 	C:\Windows\system32\dwmapi.dll
0x000007fefd690000 - 0x000007fefd69f000 	C:\Windows\system32\CRYPTBASE.dll
0x000007fef4af0000 - 0x000007fef4c0d000 	C:\Windows\system32\opengl32.dll
0x000007fef4ac0000 - 0x000007fef4aed000 	C:\Windows\system32\GLU32.dll
0x000007fef7300000 - 0x000007fef73f1000 	C:\Windows\system32\DDRAW.dll
0x000007fef72f0000 - 0x000007fef72f8000 	C:\Windows\system32\DCIMAN32.dll
0x000007fefdca0000 - 0x000007fefde77000 	C:\Windows\system32\SETUPAPI.dll
0x000007fefdb50000 - 0x000007fefdb86000 	C:\Windows\system32\CFGMGR32.dll
0x000007fefdb30000 - 0x000007fefdb4a000 	C:\Windows\system32\DEVOBJ.dll
0x000007fee2530000 - 0x000007fee272f000 	C:\Windows\system32\d3d9.dll
0x000007fef69a0000 - 0x000007fef69a7000 	C:\Windows\system32\d3d8thk.dll
0x000007fede2e0000 - 0x000007fedf418000 	C:\Windows\system32\nvd3dumx.dll
0x00000000639e0000 - 0x0000000063a11000 	C:\Program Files\Java\jre1.8.0_144\bin\jpeg.dll
0x0000000073580000 - 0x000000007358d000 	C:\Program Files\Java\jre1.8.0_144\bin\management.dll
0x00000000735e0000 - 0x00000000735fa000 	C:\Program Files\Java\jre1.8.0_144\bin\net.dll
0x000007fefcfc0000 - 0x000007fefd015000 	C:\Windows\system32\mswsock.dll
0x000007fefcfb0000 - 0x000007fefcfb7000 	C:\Windows\System32\wship6.dll
0x00000000735c0000 - 0x00000000735d1000 	C:\Program Files\Java\jre1.8.0_144\bin\nio.dll

VM Arguments:
jvm_args: -Dfile.encoding=MS949 
java_command: Main.MainGUI
java_class_path (initial): C:\Users\pc-09\git\last\realProject\Project\bin;C:\oraclexe\app\oracle\product\11.2.0\server\jdbc\lib\ojdbc6.jar
Launcher Type: SUN_STANDARD

Environment Variables:
JAVA_HOME=C:\Program Files\Java\jdk1.8.0_101
PATH=C:/Program Files/Java/jre1.8.0_144/bin/server;C:/Program Files/Java/jre1.8.0_144/bin;C:/Program Files/Java/jre1.8.0_144/lib/amd64;C:\oraclexe\app\oracle\product\11.2.0\server\bin;;C:\ProgramData\Oracle\Java\javapath;C:\Program Files (x86)\NVIDIA Corporation\PhysX\Common;C:\Program Files (x86)\Intel\iCLS Client\;C:\Program Files\Intel\iCLS Client\;C:\Program Files\Common Files\Microsoft Shared\Windows Live;C:\Program Files (x86)\Common Files\Microsoft Shared\Windows Live;C:\Windows\system32;C:\Windows;C:\Windows\System32\Wbem;C:\Windows\System32\WindowsPowerShell\v1.0\;C:\Program Files (x86)\Windows Live\Shared;C:\Program Files\Intel\Intel(R) Management Engine Components\DAL;C:\Program Files\Intel\Intel(R) Management Engine Components\IPT;C:\Program Files (x86)\Intel\Intel(R) Management Engine Components\DAL;C:\Program Files (x86)\Intel\Intel(R) Management Engine Components\IPT;C:\Program Files (x86)\Intel\OpenCL SDK\3.0\bin\x86;C:\Program Files (x86)\Intel\OpenCL SDK\3.0\bin\x64;C:\MySQL 5.1\bin;C:\Program Files (x86)\Nmap;C:\Program Files (x86)\Atmel\Flip 3.4.7\bin;C:\Users\pc-09\AppData\Local\atom\bin;C:\Users\pc-09\Downloads\eclipse-jee-oxygen-R-win32-x86_64\eclipse;
USERNAME=pc-09
OS=Windows_NT
PROCESSOR_IDENTIFIER=Intel64 Family 6 Model 60 Stepping 3, GenuineIntel



---------------  S Y S T E M  ---------------

OS: Windows 7 , 64 bit Build 7601 (6.1.7601.23915)

CPU:total 8 (initial active 8) (4 cores per cpu, 2 threads per core) family 6 model 60 stepping 3, cmov, cx8, fxsr, mmx, sse, sse2, sse3, ssse3, sse4.1, sse4.2, popcnt, avx, avx2, aes, clmul, erms, rtm, lzcnt, ht, tsc, tscinvbit, bmi1, bmi2

Memory: 4k page, physical 8307480k(892820k free), swap 21957740k(5196k free)

vm_info: Java HotSpot(TM) 64-Bit Server VM (25.144-b01) for windows-amd64 JRE (1.8.0_144-b01), built on Jul 21 2017 21:57:33 by "java_re" with MS VC++ 10.0 (VS2010)

time: Sun Oct 22 14:25:25 2017
elapsed time: 0 seconds (0d 0h 0m 0s)

